 0.4831  0.0000 16.6666 204.3596  0.3520
 0.6986  0.0048  0.6640  1.6252  0.7814
 0.6476  0.0014  0.0021  4.5435  0.3022
 0.7293  0.4423  0.0037  1.1795  1.1531
 0.6816  0.0007  0.4131  2.1128  0.6134
 0.6391  0.0000  1.2870  6.7777  0.2753
 0.7116  0.3530  0.0009  1.5687  0.8880
 0.6686  0.1210  0.0007  3.1077  0.4494
 0.6435  0.0009  0.0072  5.2114  0.2671
 0.7329  1.1776  0.0001  1.6389  2.0916
 0.6683  0.0194  0.0034  2.6857  0.4734
 0.6642  0.0004  0.6885  3.1640  0.4651
 0.7067  0.0026  0.2778  1.3308  0.8488
 0.6678  0.0024  0.0066  2.6564  0.4701
 0.6709  0.0011  1.1989  2.9251  0.5491
 0.6979  0.0062  0.0110  1.4983  0.7175
 0.6744  0.0584  0.0005  2.4664  0.5199
 0.6847  0.0002  1.9777  2.4865  0.7159
 0.7158  1.5048  0.0001  2.7636  3.1572
 0.6666  0.0012  0.0368  2.7473  0.4685
 0.6520  0.0492  0.0043  4.3588  0.3214
 0.7431  0.6737  0.0014  1.0312  1.5872
 0.7319  0.5078  0.9855  1.4139  1.3308
 0.6803  0.0055  1.0905  2.4033  0.6275
 0.7401  0.5375  0.0174  1.0228  1.4109
