0.634752 0.925378 0.580310 0.002698 0.360900
0.629810 0.756188 0.881757 0.002839 0.377334
0.622987 0.767956 0.458423 0.001463 0.280777
0.594817 0.000054 0.364503 0.089362 0.208418
0.589517 0.022816 0.185143 0.000366 0.149056
0.616864 0.000385 2.582090 0.070526 0.536371
0.633933 0.858448 0.781796 0.000315 0.379081
0.627449 0.995898 0.043574 0.001465 0.243014
0.629089 0.897159 0.012631 0.064002 0.270085
0.626647 0.674602 0.969012 0.000056 0.381615
0.673121 1.384060 0.705541 0.005566 0.737756
0.634491 0.011580 1.530773 0.400069 0.560754
0.626871 0.002939 3.378009 0.037928 0.668425
0.636079 0.584488 1.793782 0.002140 0.548323
0.635094 0.000939 3.877022 0.033876 0.764387
0.608687 0.260181 0.014251 0.159466 0.222413
0.625073 0.005728 3.456040 0.004786 0.657423
0.681317 1.381006 0.990087 0.005335 1.027512
0.589363 0.002901 0.531342 0.005591 0.192140
0.602172 0.032460 1.211532 0.088789 0.334204
0.689481 1.574995 0.655805 0.001625 1.634746
0.604196 0.043614 1.978400 0.001298 0.416534
0.613385 0.004179 1.699730 0.163408 0.438721
0.692462 1.526783 1.158839 0.004859 2.028751
0.670664 0.002016 2.426132 0.663540 0.860338
0.606561 0.240550 0.024539 0.140372 0.210552
0.689505 1.369994 1.594321 0.002558 1.555665
